0 info it worked if it ends with ok
1 verbose cli [ '/usr/local/Cellar/node/6.8.1/bin/node',
1 verbose cli   '/usr/local/bin/npm',
1 verbose cli   'start' ]
2 info using npm@3.10.8
3 info using node@v6.8.1
4 verbose run-script [ 'prestart', 'start', 'poststart' ]
5 info lifecycle mafia@1.0.0~prestart: mafia@1.0.0
6 silly lifecycle mafia@1.0.0~prestart: no script for prestart, continuing
7 info lifecycle mafia@1.0.0~start: mafia@1.0.0
8 verbose lifecycle mafia@1.0.0~start: unsafe-perm in lifecycle true
9 verbose lifecycle mafia@1.0.0~start: PATH: /usr/local/lib/node_modules/npm/bin/node-gyp-bin:/Users/Judy/Desktop/mafia/node_modules/.bin:/usr/local/Cellar/node/6.8.1/bin:/Users/Judy/.sdkman/candidates/groovy/current/bin:/Users/Judy/.sdkman/candidates/grails/current/bin:/Users/Judy/.rvm/gems/ruby-2.3.1/bin:/Users/Judy/.rvm/gems/ruby-2.3.1@global/bin:/Users/Judy/.rvm/rubies/ruby-2.3.1/bin:/usr/local/bin:/usr/bin:/bin:/usr/sbin:/sbin:/Users/Judy/.rvm/bin:/Users/Judy/Library/Android/sdk/tools:/Users/Judy/Library/Android/sdk/platform-tools:/Users/Judy/Library/Android/sdk/build-tools
10 verbose lifecycle mafia@1.0.0~start: CWD: /Users/Judy/Desktop/mafia
11 silly lifecycle mafia@1.0.0~start: Args: [ '-c', 'node server.js' ]
12 silly lifecycle mafia@1.0.0~start: Returned: code: 1  signal: null
13 info lifecycle mafia@1.0.0~start: Failed to exec start script
14 verbose stack Error: mafia@1.0.0 start: `node server.js`
14 verbose stack Exit status 1
14 verbose stack     at EventEmitter.<anonymous> (/usr/local/lib/node_modules/npm/lib/utils/lifecycle.js:255:16)
14 verbose stack     at emitTwo (events.js:106:13)
14 verbose stack     at EventEmitter.emit (events.js:191:7)
14 verbose stack     at ChildProcess.<anonymous> (/usr/local/lib/node_modules/npm/lib/utils/spawn.js:40:14)
14 verbose stack     at emitTwo (events.js:106:13)
14 verbose stack     at ChildProcess.emit (events.js:191:7)
14 verbose stack     at maybeClose (internal/child_process.js:877:16)
14 verbose stack     at Process.ChildProcess._handle.onexit (internal/child_process.js:226:5)
15 verbose pkgid mafia@1.0.0
16 verbose cwd /Users/Judy/Desktop/mafia
17 error Darwin 16.4.0
18 error argv "/usr/local/Cellar/node/6.8.1/bin/node" "/usr/local/bin/npm" "start"
19 error node v6.8.1
20 error npm  v3.10.8
21 error code ELIFECYCLE
22 error mafia@1.0.0 start: `node server.js`
22 error Exit status 1
23 error Failed at the mafia@1.0.0 start script 'node server.js'.
23 error Make sure you have the latest version of node.js and npm installed.
23 error If you do, this is most likely a problem with the mafia package,
23 error not with npm itself.
23 error Tell the author that this fails on your system:
23 error     node server.js
23 error You can get information on how to open an issue for this project with:
23 error     npm bugs mafia
23 error Or if that isn't available, you can get their info via:
23 error     npm owner ls mafia
23 error There is likely additional logging output above.
24 verbose exit [ 1, true ]
